-------------------------------------------------- 
- Execució iniciada en dia: 2021-09-09 10:24:15
- Token emprat: 1273983994:AAGPK7g-wBGgxLCWo1Hmq5t1pmmuz9BzH7M
- URL emprada: https://api.telegram.org/bot1273983994:AAGPK7g-wBGgxLCWo1Hmq5t1pmmuz9BzH7M
- Contingut rebut: 
- Enviant missatge: "Hola , benvingut al BOT." a 
- Enviant missatge: "Em consta que m'has escrit el següent: " a 
- Enviant missatge: "" a 
-------------------------------------------------- 
-------------------------------------------------- 
- Execució iniciada en dia: 2021-09-09 10:39:28
- Token emprat: 1273983994:AAGPK7g-wBGgxLCWo1Hmq5t1pmmuz9BzH7M
- URL emprada: https://api.telegram.org/bot1273983994:AAGPK7g-wBGgxLCWo1Hmq5t1pmmuz9BzH7M
- Contingut rebut: 
- Enviant missatge: "Hola , benvingut al BOT." a 
- Enviant missatge: "Em consta que m'has escrit el següent: " a 
- Enviant missatge: "" a 
-------------------------------------------------- 
-------------------------------------------------- 
- Execució iniciada en dia: 2021-09-09 10:40:52
- Token emprat: 1273983994:AAGPK7g-wBGgxLCWo1Hmq5t1pmmuz9BzH7M
- URL emprada: https://api.telegram.org/bot1273983994:AAGPK7g-wBGgxLCWo1Hmq5t1pmmuz9BzH7M
- Contingut rebut: {"update_id":108028101,
"message":{"message_id":1,"from":{"id":405590766,"is_bot":false,"first_name":"Dartmaker","username":"dartmaker","language_code":"es"},"chat":{"id":405590766,"first_name":"Dartmaker","username":"dartmaker","type":"private"},"date":1631183459,"text":"/start","entities":[{"offset":0,"length":6,"type":"bot_command"}]}}
- Enviant missatge: "Hola Dartmaker, benvingut al BOT." a 405590766
- Enviant missatge: "Em consta que m'has escrit el següent: " a 405590766
- Enviant missatge: "/start" a 405590766
-------------------------------------------------- 
-------------------------------------------------- 
- Execució iniciada en dia: 2021-09-09 10:40:52
- Token emprat: 1273983994:AAGPK7g-wBGgxLCWo1Hmq5t1pmmuz9BzH7M
- URL emprada: https://api.telegram.org/bot1273983994:AAGPK7g-wBGgxLCWo1Hmq5t1pmmuz9BzH7M
- Contingut rebut: {"update_id":108028102,
"message":{"message_id":2,"from":{"id":405590766,"is_bot":false,"first_name":"Dartmaker","username":"dartmaker","language_code":"es"},"chat":{"id":405590766,"first_name":"Dartmaker","username":"dartmaker","type":"private"},"date":1631183463,"text":"Hola"}}
- Enviant missatge: "Hola Dartmaker, benvingut al BOT." a 405590766
- Enviant missatge: "Em consta que m'has escrit el següent: " a 405590766
- Enviant missatge: "Hola" a 405590766
-------------------------------------------------- 
-------------------------------------------------- 
- Execució iniciada en dia: 2021-09-09 10:40:52
- Token emprat: 1273983994:AAGPK7g-wBGgxLCWo1Hmq5t1pmmuz9BzH7M
- URL emprada: https://api.telegram.org/bot1273983994:AAGPK7g-wBGgxLCWo1Hmq5t1pmmuz9BzH7M
- Contingut rebut: {"update_id":108028103,
"message":{"message_id":3,"from":{"id":405590766,"is_bot":false,"first_name":"Dartmaker","username":"dartmaker","language_code":"es"},"chat":{"id":405590766,"first_name":"Dartmaker","username":"dartmaker","type":"private"},"date":1631183562,"text":"Nsbf"}}
- Enviant missatge: "Hola Dartmaker, benvingut al BOT." a 405590766
- Enviant missatge: "Em consta que m'has escrit el següent: " a 405590766
- Enviant missatge: "Nsbf" a 405590766
-------------------------------------------------- 
-------------------------------------------------- 
- Execució iniciada en dia: 2021-09-09 10:41:18
- Token emprat: 1273983994:AAGPK7g-wBGgxLCWo1Hmq5t1pmmuz9BzH7M
- URL emprada: https://api.telegram.org/bot1273983994:AAGPK7g-wBGgxLCWo1Hmq5t1pmmuz9BzH7M
- Contingut rebut: {"update_id":108028104,
"message":{"message_id":4,"from":{"id":405590766,"is_bot":false,"first_name":"Dartmaker","username":"dartmaker","language_code":"es"},"chat":{"id":405590766,"first_name":"Dartmaker","username":"dartmaker","type":"private"},"date":1631184078,"text":"Hola"}}
- Enviant missatge: "Hola Dartmaker, benvingut al BOT." a 405590766
- Enviant missatge: "Em consta que m'has escrit el següent: " a 405590766
- Enviant missatge: "Hola" a 405590766
-------------------------------------------------- 
-------------------------------------------------- 
- Execució iniciada en dia: 2021-09-09 10:42:01
- Token emprat: 1273983994:AAGPK7g-wBGgxLCWo1Hmq5t1pmmuz9BzH7M
- URL emprada: https://api.telegram.org/bot1273983994:AAGPK7g-wBGgxLCWo1Hmq5t1pmmuz9BzH7M
- Contingut rebut: {"update_id":108028105,
"message":{"message_id":5,"from":{"id":405590766,"is_bot":false,"first_name":"Dartmaker","username":"dartmaker","language_code":"es"},"chat":{"id":405590766,"first_name":"Dartmaker","username":"dartmaker","type":"private"},"date":1631184121,"text":"/start","entities":[{"offset":0,"length":6,"type":"bot_command"}]}}
- Enviant missatge: "Hola Dartmaker, benvingut al BOT." a 405590766
- Enviant missatge: "Em consta que m'has escrit el següent: " a 405590766
- Enviant missatge: "/start" a 405590766
-------------------------------------------------- 
-------------------------------------------------- 
- Execució iniciada en dia: 2021-09-09 10:42:04
- Token emprat: 1273983994:AAGPK7g-wBGgxLCWo1Hmq5t1pmmuz9BzH7M
- URL emprada: https://api.telegram.org/bot1273983994:AAGPK7g-wBGgxLCWo1Hmq5t1pmmuz9BzH7M
- Contingut rebut: {"update_id":108028106,
"message":{"message_id":6,"from":{"id":405590766,"is_bot":false,"first_name":"Dartmaker","username":"dartmaker","language_code":"es"},"chat":{"id":405590766,"first_name":"Dartmaker","username":"dartmaker","type":"private"},"date":1631184124,"text":"/start","entities":[{"offset":0,"length":6,"type":"bot_command"}]}}
- Enviant missatge: "Hola Dartmaker, benvingut al BOT." a 405590766
- Enviant missatge: "Em consta que m'has escrit el següent: " a 405590766
- Enviant missatge: "/start" a 405590766
-------------------------------------------------- 
-------------------------------------------------- 
- Execució iniciada en dia: 2021-09-09 10:44:12
- Token emprat: 1788218139:AAG8X3sS42RP8iSCcqqByW6RfVSeTuxmoa0
- URL emprada: https://api.telegram.org/bot1788218139:AAG8X3sS42RP8iSCcqqByW6RfVSeTuxmoa0
- Contingut rebut: {"update_id":108028107,
"message":{"message_id":7,"from":{"id":405590766,"is_bot":false,"first_name":"Dartmaker","username":"dartmaker","language_code":"es"},"chat":{"id":405590766,"first_name":"Dartmaker","username":"dartmaker","type":"private"},"date":1631184252,"text":"Hola"}}
- Enviant missatge: "Hola Dartmaker, benvingut al BOT." a 405590766
- Enviant missatge: "Em consta que m'has escrit el següent: " a 405590766
- Enviant missatge: "Hola" a 405590766
-------------------------------------------------- 
-------------------------------------------------- 
- Execució iniciada en dia: 2021-09-09 12:21:37
- Token emprat: 1788218139:AAG8X3sS42RP8iSCcqqByW6RfVSeTuxmoa0
- URL emprada: https://api.telegram.org/bot1788218139:AAG8X3sS42RP8iSCcqqByW6RfVSeTuxmoa0
- Contingut rebut: 
- Enviant missatge: "Hola , benvingut al BOT." a 
- Enviant missatge: "Em consta que m'has escrit el següent: " a 
- Enviant missatge: "" a 
-------------------------------------------------- 
-------------------------------------------------- 
- Execució iniciada en dia: 2021-09-28 15:04:05
- Token emprat: 1788218139:AAG8X3sS42RP8iSCcqqByW6RfVSeTuxmoa0
- URL emprada: https://api.telegram.org/bot1788218139:AAG8X3sS42RP8iSCcqqByW6RfVSeTuxmoa0
- Contingut rebut: 
- Enviant missatge: "Hola , benvingut al BOT." a 
- Enviant missatge: "Em consta que m'has escrit el següent: " a 
- Enviant missatge: "" a 
-------------------------------------------------- 
-------------------------------------------------- 
- Execució iniciada en dia: 2021-09-28 15:04:10
- Token emprat: 1788218139:AAG8X3sS42RP8iSCcqqByW6RfVSeTuxmoa0
- URL emprada: https://api.telegram.org/bot1788218139:AAG8X3sS42RP8iSCcqqByW6RfVSeTuxmoa0
- Contingut rebut: 
- Enviant missatge: "Hola , benvingut al BOT." a 
- Enviant missatge: "Em consta que m'has escrit el següent: " a 
- Enviant missatge: "" a 
-------------------------------------------------- 
-------------------------------------------------- 
- Execució iniciada en dia: 2021-09-28 15:04:11
- Token emprat: 1788218139:AAG8X3sS42RP8iSCcqqByW6RfVSeTuxmoa0
- URL emprada: https://api.telegram.org/bot1788218139:AAG8X3sS42RP8iSCcqqByW6RfVSeTuxmoa0
- Contingut rebut: 
- Enviant missatge: "Hola , benvingut al BOT." a 
- Enviant missatge: "Em consta que m'has escrit el següent: " a 
- Enviant missatge: "" a 
-------------------------------------------------- 
-------------------------------------------------- 
- Execució iniciada en dia: 2021-09-28 15:11:02
- Token emprat: 1788218139:AAG8X3sS42RP8iSCcqqByW6RfVSeTuxmoa0
- URL emprada: https://api.telegram.org/bot1788218139:AAG8X3sS42RP8iSCcqqByW6RfVSeTuxmoa0
- Contingut rebut: 
- Enviant missatge: "Hola , benvingut al BOT." a 
- Enviant missatge: "Em consta que m'has escrit el següent: " a 
- Enviant missatge: "" a 
-------------------------------------------------- 
-------------------------------------------------- 
- Execució iniciada en dia: 2021-09-28 15:33:42
- Token emprat: 1788218139:AAG8X3sS42RP8iSCcqqByW6RfVSeTuxmoa0
- URL emprada: https://api.telegram.org/bot1788218139:AAG8X3sS42RP8iSCcqqByW6RfVSeTuxmoa0
- Contingut rebut: 
- Enviant missatge: "Hola , benvingut al BOT." a 
- Enviant missatge: "Em consta que m'has escrit el següent: " a 
- Enviant missatge: "" a 
--------------------------------------------------- 
-------------------------------------------------- 
- Execució iniciada en dia: 2021-09-28 15:33:46
- Token emprat: 1788218139:AAG8X3sS42RP8iSCcqqByW6RfVSeTuxmoa0
- URL emprada: https://api.telegram.org/bot1788218139:AAG8X3sS42RP8iSCcqqByW6RfVSeTuxmoa0
- Contingut rebut: 
- Enviant missatge: "Hola , benvingut al BOT." a 
- Enviant missatge: "Em consta que m'has escrit el següent: " a 
- Enviant missatge: "" a 
--------------------------------------------------- 
-------------------------------------------------- 
- Execució iniciada en dia: 2021-09-28 15:34:39
- Token emprat: 1788218139:AAG8X3sS42RP8iSCcqqByW6RfVSeTuxmoa0
- URL emprada: https://api.telegram.org/bot1788218139:AAG8X3sS42RP8iSCcqqByW6RfVSeTuxmoa0
- Contingut rebut: 
- Enviant missatge: "Hola , benvingut al BOT." a 
- Enviant missatge: "Em consta que m'has escrit el següent: " a 
- Enviant missatge: "" a 
--------------------------------------------------- 
-------------------------------------------------- 
- Execució iniciada en dia: 2021-09-28 15:36:07
- Token emprat: 1788218139:AAG8X3sS42RP8iSCcqqByW6RfVSeTuxmoa0
- URL emprada: https://api.telegram.org/bot1788218139:AAG8X3sS42RP8iSCcqqByW6RfVSeTuxmoa0
- Contingut rebut: 
- Enviant missatge: "Hola , benvingut al BOT." a 
- Enviant missatge: "Em consta que m'has escrit el següent: " a 
- Enviant missatge: "" a 
--------------------------------------------------- 
-------------------------------------------------- 
- Execució iniciada en dia: 2021-09-28 15:36:12
- Token emprat: 1788218139:AAG8X3sS42RP8iSCcqqByW6RfVSeTuxmoa0
- URL emprada: https://api.telegram.org/bot1788218139:AAG8X3sS42RP8iSCcqqByW6RfVSeTuxmoa0
- Contingut rebut: 
- Enviant missatge: "Hola , benvingut al BOT." a 
- Enviant missatge: "Em consta que m'has escrit el següent: " a 
- Enviant missatge: "" a 
--------------------------------------------------- 
-------------------------------------------------- 
- Execució iniciada en dia: 2021-09-28 15:40:25
- Token emprat: 1788218139:AAG8X3sS42RP8iSCcqqByW6RfVSeTuxmoa0
- URL emprada: https://api.telegram.org/bot1788218139:AAG8X3sS42RP8iSCcqqByW6RfVSeTuxmoa0
- Contingut rebut: {"update_id":108028108,
"message":{"message_id":20,"from":{"id":405590766,"is_bot":false,"first_name":"Dartmaker","username":"dartmaker","language_code":"es"},"chat":{"id":405590766,"first_name":"Dartmaker","username":"dartmaker","type":"private"},"date":1632839901,"text":"Fjg"}}
- Enviant missatge: "Hola Dartmaker, benvingut al BOT." a 405590766
- Enviant missatge: "Em consta que m'has escrit el següent: " a 405590766
- Enviant missatge: "Fjg" a 405590766
--------------------------------------------------- 
-------------------------------------------------- 
- Execució iniciada en dia: 2021-09-28 15:40:25
- Token emprat: 1788218139:AAG8X3sS42RP8iSCcqqByW6RfVSeTuxmoa0
- URL emprada: https://api.telegram.org/bot1788218139:AAG8X3sS42RP8iSCcqqByW6RfVSeTuxmoa0
- Contingut rebut: {"update_id":108028109,
"message":{"message_id":21,"from":{"id":405590766,"is_bot":false,"first_name":"Dartmaker","username":"dartmaker","language_code":"es"},"chat":{"id":405590766,"first_name":"Dartmaker","username":"dartmaker","type":"private"},"date":1632840124,"text":"Tzxh"}}
- Enviant missatge: "Hola Dartmaker, benvingut al BOT." a 405590766
- Enviant missatge: "Em consta que m'has escrit el següent: " a 405590766
- Enviant missatge: "Tzxh" a 405590766
--------------------------------------------------- 
-------------------------------------------------- 
- Execució iniciada en dia: 2021-09-28 15:40:26
- Token emprat: 1788218139:AAG8X3sS42RP8iSCcqqByW6RfVSeTuxmoa0
- URL emprada: https://api.telegram.org/bot1788218139:AAG8X3sS42RP8iSCcqqByW6RfVSeTuxmoa0
- Contingut rebut: {"update_id":108028110,
"message":{"message_id":22,"from":{"id":405590766,"is_bot":false,"first_name":"Dartmaker","username":"dartmaker","language_code":"es"},"chat":{"id":405590766,"first_name":"Dartmaker","username":"dartmaker","type":"private"},"date":1632841516,"text":"Cjg"}}
- Enviant missatge: "Hola Dartmaker, benvingut al BOT." a 405590766
- Enviant missatge: "Em consta que m'has escrit el següent: " a 405590766
- Enviant missatge: "Cjg" a 405590766
--------------------------------------------------- 
-------------------------------------------------- 
- Execució iniciada en dia: 2021-09-28 15:40:26
- Token emprat: 1788218139:AAG8X3sS42RP8iSCcqqByW6RfVSeTuxmoa0
- URL emprada: https://api.telegram.org/bot1788218139:AAG8X3sS42RP8iSCcqqByW6RfVSeTuxmoa0
- Contingut rebut: {"update_id":108028111,
"message":{"message_id":23,"from":{"id":405590766,"is_bot":false,"first_name":"Dartmaker","username":"dartmaker","language_code":"es"},"chat":{"id":405590766,"first_name":"Dartmaker","username":"dartmaker","type":"private"},"date":1632841983,"text":"Fju"}}
- Enviant missatge: "Hola Dartmaker, benvingut al BOT." a 405590766
- Enviant missatge: "Em consta que m'has escrit el següent: " a 405590766
- Enviant missatge: "Fju" a 405590766
--------------------------------------------------- 
-------------------------------------------------- 
- Execució iniciada en dia: 2021-09-28 15:40:26
- Token emprat: 1788218139:AAG8X3sS42RP8iSCcqqByW6RfVSeTuxmoa0
- URL emprada: https://api.telegram.org/bot1788218139:AAG8X3sS42RP8iSCcqqByW6RfVSeTuxmoa0
- Contingut rebut: {"update_id":108028112,
"message":{"message_id":24,"from":{"id":405590766,"is_bot":false,"first_name":"Dartmaker","username":"dartmaker","language_code":"es"},"chat":{"id":405590766,"first_name":"Dartmaker","username":"dartmaker","type":"private"},"date":1632842268,"text":"Gbu"}}
- Enviant missatge: "Hola Dartmaker, benvingut al BOT." a 405590766
- Enviant missatge: "Em consta que m'has escrit el següent: " a 405590766
- Enviant missatge: "Gbu" a 405590766
--------------------------------------------------- 
-------------------------------------------------- 
- Execució iniciada en dia: 2021-09-28 15:40:26
- Token emprat: 1788218139:AAG8X3sS42RP8iSCcqqByW6RfVSeTuxmoa0
- URL emprada: https://api.telegram.org/bot1788218139:AAG8X3sS42RP8iSCcqqByW6RfVSeTuxmoa0
- Contingut rebut: {"update_id":108028113,
"message":{"message_id":28,"from":{"id":405590766,"is_bot":false,"first_name":"Dartmaker","username":"dartmaker","language_code":"es"},"chat":{"id":405590766,"first_name":"Dartmaker","username":"dartmaker","type":"private"},"date":1632842898,"text":"Xjg"}}
- Enviant missatge: "Hola Dartmaker, benvingut al BOT." a 405590766
- Enviant missatge: "Em consta que m'has escrit el següent: " a 405590766
- Enviant missatge: "Xjg" a 405590766
--------------------------------------------------- 
-------------------------------------------------- 
- Execució iniciada en dia: 2021-09-28 15:40:27
- Token emprat: 1788218139:AAG8X3sS42RP8iSCcqqByW6RfVSeTuxmoa0
- URL emprada: https://api.telegram.org/bot1788218139:AAG8X3sS42RP8iSCcqqByW6RfVSeTuxmoa0
- Contingut rebut: {"update_id":108028114,
"message":{"message_id":29,"from":{"id":405590766,"is_bot":false,"first_name":"Dartmaker","username":"dartmaker","language_code":"es"},"chat":{"id":405590766,"first_name":"Dartmaker","username":"dartmaker","type":"private"},"date":1632842934,"text":"Cjg"}}
- Enviant missatge: "Hola Dartmaker, benvingut al BOT." a 405590766
- Enviant missatge: "Em consta que m'has escrit el següent: " a 405590766
- Enviant missatge: "Cjg" a 405590766
--------------------------------------------------- 
-------------------------------------------------- 
- Execució iniciada en dia: 2021-09-28 15:40:27
- Token emprat: 1788218139:AAG8X3sS42RP8iSCcqqByW6RfVSeTuxmoa0
- URL emprada: https://api.telegram.org/bot1788218139:AAG8X3sS42RP8iSCcqqByW6RfVSeTuxmoa0
- Contingut rebut: {"update_id":108028115,
"message":{"message_id":30,"from":{"id":405590766,"is_bot":false,"first_name":"Dartmaker","username":"dartmaker","language_code":"es"},"chat":{"id":405590766,"first_name":"Dartmaker","username":"dartmaker","type":"private"},"date":1632843116,"text":"Cjd"}}
- Enviant missatge: "Hola Dartmaker, benvingut al BOT." a 405590766
- Enviant missatge: "Em consta que m'has escrit el següent: " a 405590766
- Enviant missatge: "Cjd" a 405590766
--------------------------------------------------- 
-------------------------------------------------- 
- Execució iniciada en dia: 2021-09-28 15:46:55
- Token emprat: 1788218139:AAG8X3sS42RP8iSCcqqByW6RfVSeTuxmoa0
- URL emprada: https://api.telegram.org/bot1788218139:AAG8X3sS42RP8iSCcqqByW6RfVSeTuxmoa0
- Contingut rebut: 
- Enviant missatge: "Hola , benvingut al BOT." a 
- Enviant missatge: "Em consta que m'has escrit el següent: " a 
- Enviant missatge: "" a 
--------------------------------------------------- 
-------------------------------------------------- 
- Execució iniciada en dia: 2021-09-28 15:46:56
- Token emprat: 1788218139:AAG8X3sS42RP8iSCcqqByW6RfVSeTuxmoa0
- URL emprada: https://api.telegram.org/bot1788218139:AAG8X3sS42RP8iSCcqqByW6RfVSeTuxmoa0
- Contingut rebut: 
- Enviant missatge: "Hola , benvingut al BOT." a 
- Enviant missatge: "Em consta que m'has escrit el següent: " a 
- Enviant missatge: "" a 
--------------------------------------------------- 
-------------------------------------------------- 
- Execució iniciada en dia: 2021-09-28 15:49:12
- Token emprat: 1788218139:AAG8X3sS42RP8iSCcqqByW6RfVSeTuxmoa0
- URL emprada: https://api.telegram.org/bot1788218139:AAG8X3sS42RP8iSCcqqByW6RfVSeTuxmoa0
- Contingut rebut: {"update_id":108028116,
"message":{"message_id":55,"from":{"id":405590766,"is_bot":false,"first_name":"Dartmaker","username":"dartmaker","language_code":"es"},"chat":{"id":405590766,"first_name":"Dartmaker","username":"dartmaker","type":"private"},"date":1632844152,"text":"Hsg"}}
- Enviant missatge: "Hola Dartmaker, benvingut al BOT." a 405590766
- Enviant missatge: "Em consta que m'has escrit el següent: " a 405590766
- Enviant missatge: "Hsg" a 405590766
--------------------------------------------------- 
-------------------------------------------------- 
- Execució iniciada en dia: 2021-09-28 16:56:26
- Token emprat: 1788218139:AAG8X3sS42RP8iSCcqqByW6RfVSeTuxmoa0
- URL emprada: https://api.telegram.org/bot1788218139:AAG8X3sS42RP8iSCcqqByW6RfVSeTuxmoa0
- Contingut rebut: {"update_id":108028117,
"message":{"message_id":62,"from":{"id":405590766,"is_bot":false,"first_name":"Dartmaker","username":"dartmaker","language_code":"es"},"chat":{"id":405590766,"first_name":"Dartmaker","username":"dartmaker","type":"private"},"date":1632848186,"text":"Hajfk"}}
- Enviant missatge: "Hola Dartmaker, benvingut al BOT." a 405590766
- Enviant missatge: "Em consta que m'has escrit el següent: " a 405590766
- Enviant missatge: "Hajfk" a 405590766
--------------------------------------------------- 
-------------------------------------------------- 
- Execució iniciada en dia: 2021-09-29 11:21:37
- Token emprat: 1788218139:AAG8X3sS42RP8iSCcqqByW6RfVSeTuxmoa0
- URL emprada: https://api.telegram.org/bot1788218139:AAG8X3sS42RP8iSCcqqByW6RfVSeTuxmoa0
- Contingut rebut: {"update_id":108028118,
"message":{"message_id":66,"from":{"id":405590766,"is_bot":false,"first_name":"Dartmaker","username":"dartmaker","language_code":"es"},"chat":{"id":405590766,"first_name":"Dartmaker","username":"dartmaker","type":"private"},"date":1632914497,"text":"Hebf"}}
- Enviant missatge: "Hola Dartmaker, benvingut al BOT." a 405590766
- Enviant missatge: "Em consta que m'has escrit el següent: " a 405590766
- Enviant missatge: "Hebf" a 405590766
--------------------------------------------------- 
